cl : 命令行 warning D9007: “/Gm”需要“/Zi 或 /ZI”；选项被忽略
  StdAfx.cpp
E:\VS2015\VC\atlmfc\include\afx.h(38): warning C4996: 'MBCS_Support_Deprecated_In_MFC': MBCS support in MFC is deprecated and may be removed in a future version of MFC.
  E:\VS2015\VC\atlmfc\include\afx.h(33): note: 参见“MBCS_Support_Deprecated_In_MFC”的声明
  _WIN32_WINNT not defined. Defaulting to _WIN32_WINNT_MAXVER (see WinSDKVer.h)
cl : 命令行 warning D9007: “/Gm”需要“/Zi 或 /ZI”；选项被忽略
  2012302590125.cpp
2012302590125.cpp(60): warning C4996: 'CWinApp::Enable3dControlsStatic': CWinApp::Enable3dControlsStatic is no longer needed. You should remove this call.
  E:\VS2015\VC\atlmfc\include\afxwin.h(5227): note: 参见“CWinApp::Enable3dControlsStatic”的声明
  2012302590125Doc.cpp
2012302590125Doc.cpp(176): warning C4800: “UINT”: 将值强制为布尔值“true”或“false”(性能警告)
2012302590125Doc.cpp(406): warning C4244: “=”: 从“int”转换到“float”，可能丢失数据
2012302590125Doc.cpp(432): warning C4244: “=”: 从“double”转换到“float”，可能丢失数据
2012302590125Doc.cpp(433): warning C4244: “=”: 从“double”转换到“float”，可能丢失数据
2012302590125Doc.cpp(434): warning C4244: “=”: 从“LONG”转换到“float”，可能丢失数据
2012302590125Doc.cpp(435): warning C4244: “=”: 从“LONG”转换到“float”，可能丢失数据
2012302590125Doc.cpp(475): warning C4244: “=”: 从“LONG”转换到“float”，可能丢失数据
2012302590125Doc.cpp(476): warning C4244: “=”: 从“LONG”转换到“float”，可能丢失数据
2012302590125Doc.cpp(492): warning C4244: “=”: 从“float”转换到“LONG”，可能丢失数据
2012302590125Doc.cpp(573): warning C4244: “=”: 从“int”转换到“float”，可能丢失数据
  2012302590125View.cpp
2012302590125View.cpp(358): warning C4996: 'sprintf': This function or variable may be unsafe. Consider using sprintf_s instead. To disable deprecation, use _CRT_SECURE_NO_WARNINGS. See online help for details.
  C:\Program Files (x86)\Windows Kits\10\Include\10.0.10240.0\ucrt\stdio.h(1769): note: 参见“sprintf”的声明
2012302590125View.cpp(360): warning C4996: 'sprintf': This function or variable may be unsafe. Consider using sprintf_s instead. To disable deprecation, use _CRT_SECURE_NO_WARNINGS. See online help for details.
  C:\Program Files (x86)\Windows Kits\10\Include\10.0.10240.0\ucrt\stdio.h(1769): note: 参见“sprintf”的声明
  DrawCharDIG1.cpp
  MainFrm.cpp
  正在生成代码...
LINK : warning LNK4076: 增量状态文件“.\Debug\2012302590125.ilk”无效(将删除)；正以非增量方式链接
  2012302590125.vcxproj -> F:\金山文件备份\lx2012302590125（计图）\2012302590125\.\Debug\2012302590125.exe
