c:\users\xi\desktop\trivialness\大二计图\2012302590125\debug\2012302590125.pch
c:\users\xi\desktop\trivialness\大二计图\2012302590125\debug\stdafx.obj
c:\users\xi\desktop\trivialness\大二计图\2012302590125\debug\mainfrm.obj
c:\users\xi\desktop\trivialness\大二计图\2012302590125\debug\drawchardig1.obj
c:\users\xi\desktop\trivialness\大二计图\2012302590125\debug\2012302590125view.obj
c:\users\xi\desktop\trivialness\大二计图\2012302590125\debug\2012302590125doc.obj
c:\users\xi\desktop\trivialness\大二计图\2012302590125\debug\2012302590125.obj
c:\users\xi\desktop\trivialness\大二计图\2012302590125\debug\2012302590125.ilk
c:\users\xi\desktop\trivialness\大二计图\2012302590125\debug\2012302590125.exe
c:\users\xi\desktop\trivialness\大二计图\2012302590125\debug\2012302590125.pdb
c:\users\xi\desktop\trivialness\大二计图\2012302590125\debug\2012302590125.res
c:\users\xi\desktop\trivialness\大二计图\2012302590125\.\debug\2012302590125.exe
c:\users\xi\desktop\trivialness\大二计图\2012302590125\debug\2012302590125.tlog\cl.command.1.tlog
c:\users\xi\desktop\trivialness\大二计图\2012302590125\debug\2012302590125.tlog\cl.read.1.tlog
c:\users\xi\desktop\trivialness\大二计图\2012302590125\debug\2012302590125.tlog\cl.write.1.tlog
c:\users\xi\desktop\trivialness\大二计图\2012302590125\debug\2012302590125.tlog\link.command.1.tlog
c:\users\xi\desktop\trivialness\大二计图\2012302590125\debug\2012302590125.tlog\link.read.1.tlog
c:\users\xi\desktop\trivialness\大二计图\2012302590125\debug\2012302590125.tlog\link.write.1.tlog
c:\users\xi\desktop\trivialness\大二计图\2012302590125\debug\2012302590125.tlog\rc.command.1.tlog
c:\users\xi\desktop\trivialness\大二计图\2012302590125\debug\2012302590125.tlog\rc.read.1.tlog
c:\users\xi\desktop\trivialness\大二计图\2012302590125\debug\2012302590125.tlog\rc.write.1.tlog
